/home/robot/Desktop/Session05/Johnny-Answers-Session05/install/temperature_monitor/lib/python3.10/site-packages/temperature_monitor/threshold_subscriber.py
/home/robot/Desktop/Session05/Johnny-Answers-Session05/install/temperature_monitor/lib/python3.10/site-packages/temperature_monitor/temperature_logger.py
/home/robot/Desktop/Session05/Johnny-Answers-Session05/install/temperature_monitor/lib/python3.10/site-packages/temperature_monitor/temperature_publisher.py
/home/robot/Desktop/Session05/Johnny-Answers-Session05/install/temperature_monitor/lib/python3.10/site-packages/temperature_monitor/__init__.py
/home/robot/Desktop/Session05/Johnny-Answers-Session05/install/temperature_monitor/lib/python3.10/site-packages/temperature_monitor/alert_publisher.py
/home/robot/Desktop/Session05/Johnny-Answers-Session05/install/temperature_monitor/lib/python3.10/site-packages/temperature_monitor/__pycache__/threshold_subscriber.cpython-310.pyc
/home/robot/Desktop/Session05/Johnny-Answers-Session05/install/temperature_monitor/lib/python3.10/site-packages/temperature_monitor/__pycache__/temperature_logger.cpython-310.pyc
/home/robot/Desktop/Session05/Johnny-Answers-Session05/install/temperature_monitor/lib/python3.10/site-packages/temperature_monitor/__pycache__/temperature_publisher.cpython-310.pyc
/home/robot/Desktop/Session05/Johnny-Answers-Session05/install/temperature_monitor/lib/python3.10/site-packages/temperature_monitor/__pycache__/__init__.cpython-310.pyc
/home/robot/Desktop/Session05/Johnny-Answers-Session05/install/temperature_monitor/lib/python3.10/site-packages/temperature_monitor/__pycache__/alert_publisher.cpython-310.pyc
/home/robot/Desktop/Session05/Johnny-Answers-Session05/install/temperature_monitor/share/ament_index/resource_index/packages/temperature_monitor
/home/robot/Desktop/Session05/Johnny-Answers-Session05/install/temperature_monitor/share/temperature_monitor/package.xml
/home/robot/Desktop/Session05/Johnny-Answers-Session05/install/temperature_monitor/share/temperature_monitor/launch/temperature_monitor_launch.py
/home/robot/Desktop/Session05/Johnny-Answers-Session05/install/temperature_monitor/lib/python3.10/site-packages/temperature_monitor-0.0.0-py3.10.egg-info/zip-safe
/home/robot/Desktop/Session05/Johnny-Answers-Session05/install/temperature_monitor/lib/python3.10/site-packages/temperature_monitor-0.0.0-py3.10.egg-info/requires.txt
/home/robot/Desktop/Session05/Johnny-Answers-Session05/install/temperature_monitor/lib/python3.10/site-packages/temperature_monitor-0.0.0-py3.10.egg-info/SOURCES.txt
/home/robot/Desktop/Session05/Johnny-Answers-Session05/install/temperature_monitor/lib/python3.10/site-packages/temperature_monitor-0.0.0-py3.10.egg-info/PKG-INFO
/home/robot/Desktop/Session05/Johnny-Answers-Session05/install/temperature_monitor/lib/python3.10/site-packages/temperature_monitor-0.0.0-py3.10.egg-info/dependency_links.txt
/home/robot/Desktop/Session05/Johnny-Answers-Session05/install/temperature_monitor/lib/python3.10/site-packages/temperature_monitor-0.0.0-py3.10.egg-info/top_level.txt
/home/robot/Desktop/Session05/Johnny-Answers-Session05/install/temperature_monitor/lib/python3.10/site-packages/temperature_monitor-0.0.0-py3.10.egg-info/entry_points.txt
/home/robot/Desktop/Session05/Johnny-Answers-Session05/install/temperature_monitor/lib/temperature_monitor/alert_publisher
/home/robot/Desktop/Session05/Johnny-Answers-Session05/install/temperature_monitor/lib/temperature_monitor/temperature_logger
/home/robot/Desktop/Session05/Johnny-Answers-Session05/install/temperature_monitor/lib/temperature_monitor/temperature_publisher
/home/robot/Desktop/Session05/Johnny-Answers-Session05/install/temperature_monitor/lib/temperature_monitor/threshold_subscriber
