running egg_info
creating ../../build/temperature_monitor/temperature_monitor.egg-info
writing ../../build/temperature_monitor/temperature_monitor.egg-info/PKG-INFO
writing dependency_links to ../../build/temperature_monitor/temperature_monitor.egg-info/dependency_links.txt
writing entry points to ../../build/temperature_monitor/temperature_monitor.egg-info/entry_points.txt
writing requirements to ../../build/temperature_monitor/temperature_monitor.egg-info/requires.txt
writing top-level names to ../../build/temperature_monitor/temperature_monitor.egg-info/top_level.txt
writing manifest file '../../build/temperature_monitor/temperature_monitor.egg-info/SOURCES.txt'
reading manifest file '../../build/temperature_monitor/temperature_monitor.egg-info/SOURCES.txt'
writing manifest file '../../build/temperature_monitor/temperature_monitor.egg-info/SOURCES.txt'
running build
running build_py
creating /home/robot/Desktop/Session05/Johnny-Answers-Session05/build/temperature_monitor/build
creating /home/robot/Desktop/Session05/Johnny-Answers-Session05/build/temperature_monitor/build/lib
creating /home/robot/Desktop/Session05/Johnny-Answers-Session05/build/temperature_monitor/build/lib/temperature_monitor
copying temperature_monitor/threshold_subscriber.py -> /home/robot/Desktop/Session05/Johnny-Answers-Session05/build/temperature_monitor/build/lib/temperature_monitor
copying temperature_monitor/temperature_publisher.py -> /home/robot/Desktop/Session05/Johnny-Answers-Session05/build/temperature_monitor/build/lib/temperature_monitor
copying temperature_monitor/__init__.py -> /home/robot/Desktop/Session05/Johnny-Answers-Session05/build/temperature_monitor/build/lib/temperature_monitor
copying temperature_monitor/alert_publisher.py -> /home/robot/Desktop/Session05/Johnny-Answers-Session05/build/temperature_monitor/build/lib/temperature_monitor
running install
running install_lib
creating /home/robot/Desktop/Session05/Johnny-Answers-Session05/install/temperature_monitor/lib/python3.10/site-packages/temperature_monitor
copying /home/robot/Desktop/Session05/Johnny-Answers-Session05/build/temperature_monitor/build/lib/temperature_monitor/threshold_subscriber.py -> /home/robot/Desktop/Session05/Johnny-Answers-Session05/install/temperature_monitor/lib/python3.10/site-packages/temperature_monitor
copying /home/robot/Desktop/Session05/Johnny-Answers-Session05/build/temperature_monitor/build/lib/temperature_monitor/temperature_publisher.py -> /home/robot/Desktop/Session05/Johnny-Answers-Session05/install/temperature_monitor/lib/python3.10/site-packages/temperature_monitor
copying /home/robot/Desktop/Session05/Johnny-Answers-Session05/build/temperature_monitor/build/lib/temperature_monitor/__init__.py -> /home/robot/Desktop/Session05/Johnny-Answers-Session05/install/temperature_monitor/lib/python3.10/site-packages/temperature_monitor
copying /home/robot/Desktop/Session05/Johnny-Answers-Session05/build/temperature_monitor/build/lib/temperature_monitor/alert_publisher.py -> /home/robot/Desktop/Session05/Johnny-Answers-Session05/install/temperature_monitor/lib/python3.10/site-packages/temperature_monitor
byte-compiling /home/robot/Desktop/Session05/Johnny-Answers-Session05/install/temperature_monitor/lib/python3.10/site-packages/temperature_monitor/threshold_subscriber.py to threshold_subscriber.cpython-310.pyc
byte-compiling /home/robot/Desktop/Session05/Johnny-Answers-Session05/install/temperature_monitor/lib/python3.10/site-packages/temperature_monitor/temperature_publisher.py to temperature_publisher.cpython-310.pyc
byte-compiling /home/robot/Desktop/Session05/Johnny-Answers-Session05/install/temperature_monitor/lib/python3.10/site-packages/temperature_monitor/__init__.py to __init__.cpython-310.pyc
byte-compiling /home/robot/Desktop/Session05/Johnny-Answers-Session05/install/temperature_monitor/lib/python3.10/site-packages/temperature_monitor/alert_publisher.py to alert_publisher.cpython-310.pyc
running install_data
creating /home/robot/Desktop/Session05/Johnny-Answers-Session05/install/temperature_monitor/share/ament_index
creating /home/robot/Desktop/Session05/Johnny-Answers-Session05/install/temperature_monitor/share/ament_index/resource_index
creating /home/robot/Desktop/Session05/Johnny-Answers-Session05/install/temperature_monitor/share/ament_index/resource_index/packages
copying resource/temperature_monitor -> /home/robot/Desktop/Session05/Johnny-Answers-Session05/install/temperature_monitor/share/ament_index/resource_index/packages
copying package.xml -> /home/robot/Desktop/Session05/Johnny-Answers-Session05/install/temperature_monitor/share/temperature_monitor
creating /home/robot/Desktop/Session05/Johnny-Answers-Session05/install/temperature_monitor/share/temperature_monitor/launch
copying launch/temperature_monitor_launch.py -> /home/robot/Desktop/Session05/Johnny-Answers-Session05/install/temperature_monitor/share/temperature_monitor/launch
running install_egg_info
Copying ../../build/temperature_monitor/temperature_monitor.egg-info to /home/robot/Desktop/Session05/Johnny-Answers-Session05/install/temperature_monitor/lib/python3.10/site-packages/temperature_monitor-0.0.0-py3.10.egg-info
running install_scripts
Installing alert_publisher script to /home/robot/Desktop/Session05/Johnny-Answers-Session05/install/temperature_monitor/lib/temperature_monitor
Installing temperature_publisher script to /home/robot/Desktop/Session05/Johnny-Answers-Session05/install/temperature_monitor/lib/temperature_monitor
Installing threshold_subscriber script to /home/robot/Desktop/Session05/Johnny-Answers-Session05/install/temperature_monitor/lib/temperature_monitor
writing list of installed files to '/home/robot/Desktop/Session05/Johnny-Answers-Session05/build/temperature_monitor/install.log'
