[1.080s] Invoking command in '/home/robot/Desktop/Session05/Johnny-Answers-Session05/src/temperature_monitor': PYTHONPATH=/home/robot/Desktop/Session05/Johnny-Answers-Session05/build/temperature_monitor/prefix_override:/usr/lib/python3/dist-packages/colcon_core/task/python/colcon_distutils_commands:/home/robot/Desktop/Session05/Johnny-Answers-Session05/install/temperature_monitor/lib/python3.10/site-packages:${PYTHONPATH} /usr/bin/python3 -W ignore:setup.py install is deprecated setup.py egg_info --egg-base ../../build/temperature_monitor build --build-base /home/robot/Desktop/Session05/Johnny-Answers-Session05/build/temperature_monitor/build install --record /home/robot/Desktop/Session05/Johnny-Answers-Session05/build/temperature_monitor/install.log --single-version-externally-managed install_data
[1.492s] running egg_info
[1.494s] writing ../../build/temperature_monitor/temperature_monitor.egg-info/PKG-INFO
[1.494s] writing dependency_links to ../../build/temperature_monitor/temperature_monitor.egg-info/dependency_links.txt
[1.495s] writing entry points to ../../build/temperature_monitor/temperature_monitor.egg-info/entry_points.txt
[1.495s] writing requirements to ../../build/temperature_monitor/temperature_monitor.egg-info/requires.txt
[1.496s] writing top-level names to ../../build/temperature_monitor/temperature_monitor.egg-info/top_level.txt
[1.498s] reading manifest file '../../build/temperature_monitor/temperature_monitor.egg-info/SOURCES.txt'
[1.500s] writing manifest file '../../build/temperature_monitor/temperature_monitor.egg-info/SOURCES.txt'
[1.501s] running build
[1.502s] running build_py
[1.502s] copying temperature_monitor/temperature_logger.py -> /home/robot/Desktop/Session05/Johnny-Answers-Session05/build/temperature_monitor/build/lib/temperature_monitor
[1.502s] copying temperature_monitor/temperature_publisher.py -> /home/robot/Desktop/Session05/Johnny-Answers-Session05/build/temperature_monitor/build/lib/temperature_monitor
[1.502s] running install
[1.503s] running install_lib
[1.504s] copying /home/robot/Desktop/Session05/Johnny-Answers-Session05/build/temperature_monitor/build/lib/temperature_monitor/temperature_logger.py -> /home/robot/Desktop/Session05/Johnny-Answers-Session05/install/temperature_monitor/lib/python3.10/site-packages/temperature_monitor
[1.505s] copying /home/robot/Desktop/Session05/Johnny-Answers-Session05/build/temperature_monitor/build/lib/temperature_monitor/temperature_publisher.py -> /home/robot/Desktop/Session05/Johnny-Answers-Session05/install/temperature_monitor/lib/python3.10/site-packages/temperature_monitor
[1.506s] byte-compiling /home/robot/Desktop/Session05/Johnny-Answers-Session05/install/temperature_monitor/lib/python3.10/site-packages/temperature_monitor/temperature_logger.py to temperature_logger.cpython-310.pyc
[1.507s] byte-compiling /home/robot/Desktop/Session05/Johnny-Answers-Session05/install/temperature_monitor/lib/python3.10/site-packages/temperature_monitor/temperature_publisher.py to temperature_publisher.cpython-310.pyc
[1.508s] running install_data
[1.509s] running install_egg_info
[1.513s] removing '/home/robot/Desktop/Session05/Johnny-Answers-Session05/install/temperature_monitor/lib/python3.10/site-packages/temperature_monitor-0.0.0-py3.10.egg-info' (and everything under it)
[1.513s] Copying ../../build/temperature_monitor/temperature_monitor.egg-info to /home/robot/Desktop/Session05/Johnny-Answers-Session05/install/temperature_monitor/lib/python3.10/site-packages/temperature_monitor-0.0.0-py3.10.egg-info
[1.514s] running install_scripts
[1.547s] Installing alert_publisher script to /home/robot/Desktop/Session05/Johnny-Answers-Session05/install/temperature_monitor/lib/temperature_monitor
[1.547s] Installing temperature_logger script to /home/robot/Desktop/Session05/Johnny-Answers-Session05/install/temperature_monitor/lib/temperature_monitor
[1.548s] Installing temperature_publisher script to /home/robot/Desktop/Session05/Johnny-Answers-Session05/install/temperature_monitor/lib/temperature_monitor
[1.549s] Installing threshold_subscriber script to /home/robot/Desktop/Session05/Johnny-Answers-Session05/install/temperature_monitor/lib/temperature_monitor
[1.550s] writing list of installed files to '/home/robot/Desktop/Session05/Johnny-Answers-Session05/build/temperature_monitor/install.log'
[1.584s] Invoked command in '/home/robot/Desktop/Session05/Johnny-Answers-Session05/src/temperature_monitor' returned '0': PYTHONPATH=/home/robot/Desktop/Session05/Johnny-Answers-Session05/build/temperature_monitor/prefix_override:/usr/lib/python3/dist-packages/colcon_core/task/python/colcon_distutils_commands:/home/robot/Desktop/Session05/Johnny-Answers-Session05/install/temperature_monitor/lib/python3.10/site-packages:${PYTHONPATH} /usr/bin/python3 -W ignore:setup.py install is deprecated setup.py egg_info --egg-base ../../build/temperature_monitor build --build-base /home/robot/Desktop/Session05/Johnny-Answers-Session05/build/temperature_monitor/build install --record /home/robot/Desktop/Session05/Johnny-Answers-Session05/build/temperature_monitor/install.log --single-version-externally-managed install_data
